<?xml version="1.0" encoding="UTF-8"?>
<!-- Generated by org.testng.reporters.JUnitReportReporter -->
<testsuite hostname="W10-VWKS-1" failures="0" tests="1" name="TestCases.Ques1" time="26.440" errors="0" timestamp="2023-02-09T04:03:43 GMT-08:00" skipped="0">
  <testcase classname="TestCases.Ques1" name="FillForm_PositiveFlow" time="26.440"/>
  <system-out/>
</testsuite> <!-- TestCases.Ques1 -->
