<?xml version="1.0" encoding="UTF-8"?>
<!-- Generated by org.testng.reporters.JUnitReportReporter -->
<testsuite hostname="W10-VWKS-1" failures="0" tests="1" name="TestCases.POM1" time="25.426" errors="0" timestamp="2023-02-09T04:59:02 GMT-08:00" skipped="0">
  <testcase classname="TestCases.POM1" name="Options" time="25.426"/>
  <system-out/>
</testsuite> <!-- TestCases.POM1 -->
